Performing C SOURCE FILE Test CMAKE_HAVE_LIBC_PTHREAD failed with the following output:
Change Dir: /home/adrian/go1_nav_ws/build/slam_toolbox/CMakeFiles/CMakeTmp

Run Build Command(s):/usr/bin/make cmTC_86c75/fast && /usr/bin/make -f CMakeFiles/cmTC_86c75.dir/build.make CMakeFiles/cmTC_86c75.dir/build
make[1]: Entering directory '/home/adrian/go1_nav_ws/build/slam_toolbox/CMakeFiles/CMakeTmp'
Building C object CMakeFiles/cmTC_86c75.dir/src.c.o
/usr/bin/cc   -DCMAKE_HAVE_LIBC_PTHREAD   -o CMakeFiles/cmTC_86c75.dir/src.c.o   -c /home/adrian/go1_nav_ws/build/slam_toolbox/CMakeFiles/CMakeTmp/src.c
Linking C executable cmTC_86c75
/usr/bin/cmake -E cmake_link_script CMakeFiles/cmTC_86c75.dir/link.txt --verbose=1
/usr/bin/cc  -DCMAKE_HAVE_LIBC_PTHREAD    -rdynamic CMakeFiles/cmTC_86c75.dir/src.c.o  -o cmTC_86c75 
/usr/bin/ld: CMakeFiles/cmTC_86c75.dir/src.c.o: in function `main':
src.c:(.text+0x46): undefined reference to `pthread_create'
/usr/bin/ld: src.c:(.text+0x52): undefined reference to `pthread_detach'
/usr/bin/ld: src.c:(.text+0x63): undefined reference to `pthread_join'
collect2: error: ld returned 1 exit status
make[1]: *** [CMakeFiles/cmTC_86c75.dir/build.make:87: cmTC_86c75] Error 1
make[1]: Leaving directory '/home/adrian/go1_nav_ws/build/slam_toolbox/CMakeFiles/CMakeTmp'
make: *** [Makefile:121: cmTC_86c75/fast] Error 2


Source file was:
#include <pthread.h>

void* test_func(void* data)
{
  return data;
}

int main(void)
{
  pthread_t thread;
  pthread_create(&thread, NULL, test_func, NULL);
  pthread_detach(thread);
  pthread_join(thread, NULL);
  pthread_atfork(NULL, NULL, NULL);
  pthread_exit(NULL);

  return 0;
}

Determining if the function pthread_create exists in the pthreads failed with the following output:
Change Dir: /home/adrian/go1_nav_ws/build/slam_toolbox/CMakeFiles/CMakeTmp

Run Build Command(s):/usr/bin/make cmTC_f0a4b/fast && /usr/bin/make -f CMakeFiles/cmTC_f0a4b.dir/build.make CMakeFiles/cmTC_f0a4b.dir/build
make[1]: Entering directory '/home/adrian/go1_nav_ws/build/slam_toolbox/CMakeFiles/CMakeTmp'
Building C object CMakeFiles/cmTC_f0a4b.dir/CheckFunctionExists.c.o
/usr/bin/cc   -DCHECK_FUNCTION_EXISTS=pthread_create   -o CMakeFiles/cmTC_f0a4b.dir/CheckFunctionExists.c.o   -c /usr/share/cmake-3.16/Modules/CheckFunctionExists.c
Linking C executable cmTC_f0a4b
/usr/bin/cmake -E cmake_link_script CMakeFiles/cmTC_f0a4b.dir/link.txt --verbose=1
/usr/bin/cc  -DCHECK_FUNCTION_EXISTS=pthread_create    -rdynamic CMakeFiles/cmTC_f0a4b.dir/CheckFunctionExists.c.o  -o cmTC_f0a4b  -lpthreads 
/usr/bin/ld: cannot find -lpthreads
collect2: error: ld returned 1 exit status
make[1]: *** [CMakeFiles/cmTC_f0a4b.dir/build.make:87: cmTC_f0a4b] Error 1
make[1]: Leaving directory '/home/adrian/go1_nav_ws/build/slam_toolbox/CMakeFiles/CMakeTmp'
make: *** [Makefile:121: cmTC_f0a4b/fast] Error 2



Determining if the function sgemm_ exists failed with the following output:
Change Dir: /home/adrian/go1_nav_ws/build/slam_toolbox/CMakeFiles/CMakeTmp

Run Build Command(s):/usr/bin/make cmTC_77a5a/fast && /usr/bin/make -f CMakeFiles/cmTC_77a5a.dir/build.make CMakeFiles/cmTC_77a5a.dir/build
make[1]: Entering directory '/home/adrian/go1_nav_ws/build/slam_toolbox/CMakeFiles/CMakeTmp'
Building C object CMakeFiles/cmTC_77a5a.dir/CheckFunctionExists.c.o
/usr/bin/cc   -DCHECK_FUNCTION_EXISTS=sgemm_   -o CMakeFiles/cmTC_77a5a.dir/CheckFunctionExists.c.o   -c /usr/share/cmake-3.16/Modules/CheckFunctionExists.c
Linking C executable cmTC_77a5a
/usr/bin/cmake -E cmake_link_script CMakeFiles/cmTC_77a5a.dir/link.txt --verbose=1
/usr/bin/cc  -DCHECK_FUNCTION_EXISTS=sgemm_    CMakeFiles/cmTC_77a5a.dir/CheckFunctionExists.c.o  -o cmTC_77a5a 
/usr/bin/ld: CMakeFiles/cmTC_77a5a.dir/CheckFunctionExists.c.o: in function `main':
CheckFunctionExists.c:(.text+0x14): undefined reference to `sgemm_'
collect2: error: ld returned 1 exit status
make[1]: *** [CMakeFiles/cmTC_77a5a.dir/build.make:87: cmTC_77a5a] Error 1
make[1]: Leaving directory '/home/adrian/go1_nav_ws/build/slam_toolbox/CMakeFiles/CMakeTmp'
make: *** [Makefile:121: cmTC_77a5a/fast] Error 2



Determining if the function cheev_ exists failed with the following output:
Change Dir: /home/adrian/go1_nav_ws/build/slam_toolbox/CMakeFiles/CMakeTmp

Run Build Command(s):/usr/bin/make cmTC_42870/fast && /usr/bin/make -f CMakeFiles/cmTC_42870.dir/build.make CMakeFiles/cmTC_42870.dir/build
make[1]: Entering directory '/home/adrian/go1_nav_ws/build/slam_toolbox/CMakeFiles/CMakeTmp'
Building C object CMakeFiles/cmTC_42870.dir/CheckFunctionExists.c.o
/usr/bin/cc   -DCHECK_FUNCTION_EXISTS=cheev_   -o CMakeFiles/cmTC_42870.dir/CheckFunctionExists.c.o   -c /usr/share/cmake-3.16/Modules/CheckFunctionExists.c
Linking C executable cmTC_42870
/usr/bin/cmake -E cmake_link_script CMakeFiles/cmTC_42870.dir/link.txt --verbose=1
/usr/bin/cc  -DCHECK_FUNCTION_EXISTS=cheev_    CMakeFiles/cmTC_42870.dir/CheckFunctionExists.c.o  -o cmTC_42870  /usr/lib/x86_64-linux-gnu/libblas.so 
/usr/bin/ld: CMakeFiles/cmTC_42870.dir/CheckFunctionExists.c.o: in function `main':
CheckFunctionExists.c:(.text+0x14): undefined reference to `cheev_'
collect2: error: ld returned 1 exit status
make[1]: *** [CMakeFiles/cmTC_42870.dir/build.make:88: cmTC_42870] Error 1
make[1]: Leaving directory '/home/adrian/go1_nav_ws/build/slam_toolbox/CMakeFiles/CMakeTmp'
make: *** [Makefile:121: cmTC_42870/fast] Error 2



