Symlinking /home/adrian/go1_nav_ws/devel/lib/python3/dist-packages/slam_toolbox_msgs/__init__.py
Symlinking /home/adrian/go1_nav_ws/devel/lib/python3/dist-packages/slam_toolbox_msgs/srv/_DeserializePoseGraph.py
Symlinking /home/adrian/go1_nav_ws/devel/lib/python3/dist-packages/slam_toolbox_msgs/srv/_Pause.py
Symlinking /home/adrian/go1_nav_ws/devel/lib/python3/dist-packages/slam_toolbox_msgs/srv/_MergeMaps.py
Symlinking /home/adrian/go1_nav_ws/devel/lib/python3/dist-packages/slam_toolbox_msgs/srv/_AddSubmap.py
Symlinking /home/adrian/go1_nav_ws/devel/lib/python3/dist-packages/slam_toolbox_msgs/srv/_Clear.py
Symlinking /home/adrian/go1_nav_ws/devel/lib/python3/dist-packages/slam_toolbox_msgs/srv/_ToggleInteractive.py
Symlinking /home/adrian/go1_nav_ws/devel/lib/python3/dist-packages/slam_toolbox_msgs/srv/_ClearQueue.py
Symlinking /home/adrian/go1_nav_ws/devel/lib/python3/dist-packages/slam_toolbox_msgs/srv/__init__.py
Symlinking /home/adrian/go1_nav_ws/devel/lib/python3/dist-packages/slam_toolbox_msgs/srv/_SerializePoseGraph.py
Symlinking /home/adrian/go1_nav_ws/devel/lib/python3/dist-packages/slam_toolbox_msgs/srv/_SaveMap.py
Symlinking /home/adrian/go1_nav_ws/devel/lib/python3/dist-packages/slam_toolbox_msgs/srv/_LoopClosure.py
Symlinking /home/adrian/go1_nav_ws/devel/lib/pkgconfig/slam_toolbox_msgs.pc
Symlinking /home/adrian/go1_nav_ws/devel/share/common-lisp/ros/slam_toolbox_msgs/srv/_package_Clear.lisp
Symlinking /home/adrian/go1_nav_ws/devel/share/common-lisp/ros/slam_toolbox_msgs/srv/SaveMap.lisp
Symlinking /home/adrian/go1_nav_ws/devel/share/common-lisp/ros/slam_toolbox_msgs/srv/_package_AddSubmap.lisp
Symlinking /home/adrian/go1_nav_ws/devel/share/common-lisp/ros/slam_toolbox_msgs/srv/ToggleInteractive.lisp
Symlinking /home/adrian/go1_nav_ws/devel/share/common-lisp/ros/slam_toolbox_msgs/srv/_package_ClearQueue.lisp
Symlinking /home/adrian/go1_nav_ws/devel/share/common-lisp/ros/slam_toolbox_msgs/srv/SerializePoseGraph.lisp
Symlinking /home/adrian/go1_nav_ws/devel/share/common-lisp/ros/slam_toolbox_msgs/srv/_package_LoopClosure.lisp
Symlinking /home/adrian/go1_nav_ws/devel/share/common-lisp/ros/slam_toolbox_msgs/srv/_package_MergeMaps.lisp
Symlinking /home/adrian/go1_nav_ws/devel/share/common-lisp/ros/slam_toolbox_msgs/srv/slam_toolbox_msgs-srv.asd
Symlinking /home/adrian/go1_nav_ws/devel/share/common-lisp/ros/slam_toolbox_msgs/srv/AddSubmap.lisp
Symlinking /home/adrian/go1_nav_ws/devel/share/common-lisp/ros/slam_toolbox_msgs/srv/_package_Pause.lisp
Symlinking /home/adrian/go1_nav_ws/devel/share/common-lisp/ros/slam_toolbox_msgs/srv/MergeMaps.lisp
Symlinking /home/adrian/go1_nav_ws/devel/share/common-lisp/ros/slam_toolbox_msgs/srv/_package_ToggleInteractive.lisp
Symlinking /home/adrian/go1_nav_ws/devel/share/common-lisp/ros/slam_toolbox_msgs/srv/ClearQueue.lisp
Symlinking /home/adrian/go1_nav_ws/devel/share/common-lisp/ros/slam_toolbox_msgs/srv/_package.lisp
Symlinking /home/adrian/go1_nav_ws/devel/share/common-lisp/ros/slam_toolbox_msgs/srv/_package_SaveMap.lisp
Symlinking /home/adrian/go1_nav_ws/devel/share/common-lisp/ros/slam_toolbox_msgs/srv/_package_SerializePoseGraph.lisp
Symlinking /home/adrian/go1_nav_ws/devel/share/common-lisp/ros/slam_toolbox_msgs/srv/Pause.lisp
Symlinking /home/adrian/go1_nav_ws/devel/share/common-lisp/ros/slam_toolbox_msgs/srv/Clear.lisp
Symlinking /home/adrian/go1_nav_ws/devel/share/common-lisp/ros/slam_toolbox_msgs/srv/DeserializePoseGraph.lisp
Symlinking /home/adrian/go1_nav_ws/devel/share/common-lisp/ros/slam_toolbox_msgs/srv/_package_DeserializePoseGraph.lisp
Symlinking /home/adrian/go1_nav_ws/devel/share/common-lisp/ros/slam_toolbox_msgs/srv/LoopClosure.lisp
Symlinking /home/adrian/go1_nav_ws/devel/share/gennodejs/ros/slam_toolbox_msgs/_index.js
Symlinking /home/adrian/go1_nav_ws/devel/share/gennodejs/ros/slam_toolbox_msgs/srv/ClearQueue.js
Symlinking /home/adrian/go1_nav_ws/devel/share/gennodejs/ros/slam_toolbox_msgs/srv/SerializePoseGraph.js
Symlinking /home/adrian/go1_nav_ws/devel/share/gennodejs/ros/slam_toolbox_msgs/srv/ToggleInteractive.js
Symlinking /home/adrian/go1_nav_ws/devel/share/gennodejs/ros/slam_toolbox_msgs/srv/DeserializePoseGraph.js
Symlinking /home/adrian/go1_nav_ws/devel/share/gennodejs/ros/slam_toolbox_msgs/srv/MergeMaps.js
Symlinking /home/adrian/go1_nav_ws/devel/share/gennodejs/ros/slam_toolbox_msgs/srv/_index.js
Symlinking /home/adrian/go1_nav_ws/devel/share/gennodejs/ros/slam_toolbox_msgs/srv/LoopClosure.js
Symlinking /home/adrian/go1_nav_ws/devel/share/gennodejs/ros/slam_toolbox_msgs/srv/SaveMap.js
Symlinking /home/adrian/go1_nav_ws/devel/share/gennodejs/ros/slam_toolbox_msgs/srv/AddSubmap.js
Symlinking /home/adrian/go1_nav_ws/devel/share/gennodejs/ros/slam_toolbox_msgs/srv/Pause.js
Symlinking /home/adrian/go1_nav_ws/devel/share/gennodejs/ros/slam_toolbox_msgs/srv/Clear.js
Symlinking /home/adrian/go1_nav_ws/devel/share/slam_toolbox_msgs/cmake/slam_toolbox_msgsConfig.cmake
Symlinking /home/adrian/go1_nav_ws/devel/share/slam_toolbox_msgs/cmake/slam_toolbox_msgs-msg-extras.cmake
Symlinking /home/adrian/go1_nav_ws/devel/share/slam_toolbox_msgs/cmake/slam_toolbox_msgsConfig-version.cmake
Symlinking /home/adrian/go1_nav_ws/devel/share/slam_toolbox_msgs/cmake/slam_toolbox_msgs-msg-paths.cmake
Symlinking /home/adrian/go1_nav_ws/devel/share/roseus/ros/slam_toolbox_msgs/manifest.l
Symlinking /home/adrian/go1_nav_ws/devel/share/roseus/ros/slam_toolbox_msgs/srv/LoopClosure.l
Symlinking /home/adrian/go1_nav_ws/devel/share/roseus/ros/slam_toolbox_msgs/srv/AddSubmap.l
Symlinking /home/adrian/go1_nav_ws/devel/share/roseus/ros/slam_toolbox_msgs/srv/ToggleInteractive.l
Symlinking /home/adrian/go1_nav_ws/devel/share/roseus/ros/slam_toolbox_msgs/srv/MergeMaps.l
Symlinking /home/adrian/go1_nav_ws/devel/share/roseus/ros/slam_toolbox_msgs/srv/SerializePoseGraph.l
Symlinking /home/adrian/go1_nav_ws/devel/share/roseus/ros/slam_toolbox_msgs/srv/Clear.l
Symlinking /home/adrian/go1_nav_ws/devel/share/roseus/ros/slam_toolbox_msgs/srv/DeserializePoseGraph.l
Symlinking /home/adrian/go1_nav_ws/devel/share/roseus/ros/slam_toolbox_msgs/srv/ClearQueue.l
Symlinking /home/adrian/go1_nav_ws/devel/share/roseus/ros/slam_toolbox_msgs/srv/SaveMap.l
Symlinking /home/adrian/go1_nav_ws/devel/share/roseus/ros/slam_toolbox_msgs/srv/Pause.l
Symlinking /home/adrian/go1_nav_ws/devel/include/slam_toolbox_msgs/SerializePoseGraphResponse.h
Symlinking /home/adrian/go1_nav_ws/devel/include/slam_toolbox_msgs/ToggleInteractive.h
Symlinking /home/adrian/go1_nav_ws/devel/include/slam_toolbox_msgs/ClearResponse.h
Symlinking /home/adrian/go1_nav_ws/devel/include/slam_toolbox_msgs/SerializePoseGraph.h
Symlinking /home/adrian/go1_nav_ws/devel/include/slam_toolbox_msgs/LoopClosureRequest.h
Symlinking /home/adrian/go1_nav_ws/devel/include/slam_toolbox_msgs/ToggleInteractiveRequest.h
Symlinking /home/adrian/go1_nav_ws/devel/include/slam_toolbox_msgs/AddSubmapResponse.h
Symlinking /home/adrian/go1_nav_ws/devel/include/slam_toolbox_msgs/ClearRequest.h
Symlinking /home/adrian/go1_nav_ws/devel/include/slam_toolbox_msgs/SerializePoseGraphRequest.h
Symlinking /home/adrian/go1_nav_ws/devel/include/slam_toolbox_msgs/SaveMap.h
Symlinking /home/adrian/go1_nav_ws/devel/include/slam_toolbox_msgs/Clear.h
Symlinking /home/adrian/go1_nav_ws/devel/include/slam_toolbox_msgs/DeserializePoseGraphRequest.h
Symlinking /home/adrian/go1_nav_ws/devel/include/slam_toolbox_msgs/PauseRequest.h
Symlinking /home/adrian/go1_nav_ws/devel/include/slam_toolbox_msgs/ClearQueue.h
Symlinking /home/adrian/go1_nav_ws/devel/include/slam_toolbox_msgs/DeserializePoseGraph.h
Symlinking /home/adrian/go1_nav_ws/devel/include/slam_toolbox_msgs/SaveMapRequest.h
Symlinking /home/adrian/go1_nav_ws/devel/include/slam_toolbox_msgs/LoopClosure.h
Symlinking /home/adrian/go1_nav_ws/devel/include/slam_toolbox_msgs/SaveMapResponse.h
Symlinking /home/adrian/go1_nav_ws/devel/include/slam_toolbox_msgs/DeserializePoseGraphResponse.h
Symlinking /home/adrian/go1_nav_ws/devel/include/slam_toolbox_msgs/AddSubmapRequest.h
Symlinking /home/adrian/go1_nav_ws/devel/include/slam_toolbox_msgs/MergeMaps.h
Symlinking /home/adrian/go1_nav_ws/devel/include/slam_toolbox_msgs/PauseResponse.h
Symlinking /home/adrian/go1_nav_ws/devel/include/slam_toolbox_msgs/ToggleInteractiveResponse.h
Symlinking /home/adrian/go1_nav_ws/devel/include/slam_toolbox_msgs/MergeMapsResponse.h
Symlinking /home/adrian/go1_nav_ws/devel/include/slam_toolbox_msgs/ClearQueueResponse.h
Symlinking /home/adrian/go1_nav_ws/devel/include/slam_toolbox_msgs/ClearQueueRequest.h
Symlinking /home/adrian/go1_nav_ws/devel/include/slam_toolbox_msgs/LoopClosureResponse.h
Symlinking /home/adrian/go1_nav_ws/devel/include/slam_toolbox_msgs/AddSubmap.h
Symlinking /home/adrian/go1_nav_ws/devel/include/slam_toolbox_msgs/MergeMapsRequest.h
Symlinking /home/adrian/go1_nav_ws/devel/include/slam_toolbox_msgs/Pause.h
