[  0%] Built target std_msgs_generate_messages_eus
[  0%] Built target std_msgs_generate_messages_py
[  0%] Built target _phasespace_generate_messages_check_deps_Rigid
[  0%] Built target std_msgs_generate_messages_lisp
[  0%] Built target std_msgs_generate_messages_cpp
[  0%] Built target std_msgs_generate_messages_nodejs
[  0%] Built target _phasespace_generate_messages_check_deps_Rigids
[  0%] Built target _phasespace_generate_messages_check_deps_Camera
[  0%] Built target _phasespace_generate_messages_check_deps_Marker
[  0%] Built target _phasespace_generate_messages_check_deps_Markers
[  5%] Built target phasespace_node
[  5%] Built target _phasespace_generate_messages_check_deps_Cameras
[ 36%] Built target phasespace_generate_messages_cpp
[ 41%] Built target phasespace_generate_messages_py
[ 58%] Built target phasespace_generate_messages_nodejs
[ 94%] Built target phasespace_generate_messages_eus
[ 94%] Built target phasespace_generate_messages_lisp
[ 94%] Built target phasespace_gencpp
[ 94%] Built target phasespace_generate_messages
[100%] Built target phasespace
