Linked: (/home/adrian/go1_nav_ws/devel/.private/phasespace/lib/libphasespace.so, /home/adrian/go1_nav_ws/devel/lib/libphasespace.so)
Linked: (/home/adrian/go1_nav_ws/devel/.private/phasespace/lib/python3/dist-packages/phasespace/__init__.py, /home/adrian/go1_nav_ws/devel/lib/python3/dist-packages/phasespace/__init__.py)
Linked: (/home/adrian/go1_nav_ws/devel/.private/phasespace/lib/python3/dist-packages/phasespace/msg/_Marker.py, /home/adrian/go1_nav_ws/devel/lib/python3/dist-packages/phasespace/msg/_Marker.py)
Linked: (/home/adrian/go1_nav_ws/devel/.private/phasespace/lib/python3/dist-packages/phasespace/msg/_Cameras.py, /home/adrian/go1_nav_ws/devel/lib/python3/dist-packages/phasespace/msg/_Cameras.py)
Linked: (/home/adrian/go1_nav_ws/devel/.private/phasespace/lib/python3/dist-packages/phasespace/msg/_Markers.py, /home/adrian/go1_nav_ws/devel/lib/python3/dist-packages/phasespace/msg/_Markers.py)
Linked: (/home/adrian/go1_nav_ws/devel/.private/phasespace/lib/python3/dist-packages/phasespace/msg/__init__.py, /home/adrian/go1_nav_ws/devel/lib/python3/dist-packages/phasespace/msg/__init__.py)
Linked: (/home/adrian/go1_nav_ws/devel/.private/phasespace/lib/python3/dist-packages/phasespace/msg/_Rigid.py, /home/adrian/go1_nav_ws/devel/lib/python3/dist-packages/phasespace/msg/_Rigid.py)
Linked: (/home/adrian/go1_nav_ws/devel/.private/phasespace/lib/python3/dist-packages/phasespace/msg/_Camera.py, /home/adrian/go1_nav_ws/devel/lib/python3/dist-packages/phasespace/msg/_Camera.py)
Linked: (/home/adrian/go1_nav_ws/devel/.private/phasespace/lib/python3/dist-packages/phasespace/msg/_Rigids.py, /home/adrian/go1_nav_ws/devel/lib/python3/dist-packages/phasespace/msg/_Rigids.py)
Linked: (/home/adrian/go1_nav_ws/devel/.private/phasespace/lib/pkgconfig/phasespace.pc, /home/adrian/go1_nav_ws/devel/lib/pkgconfig/phasespace.pc)
Linked: (/home/adrian/go1_nav_ws/devel/.private/phasespace/lib/phasespace/phasespace_node, /home/adrian/go1_nav_ws/devel/lib/phasespace/phasespace_node)
Linked: (/home/adrian/go1_nav_ws/devel/.private/phasespace/share/common-lisp/ros/phasespace/msg/Marker.lisp, /home/adrian/go1_nav_ws/devel/share/common-lisp/ros/phasespace/msg/Marker.lisp)
Linked: (/home/adrian/go1_nav_ws/devel/.private/phasespace/share/common-lisp/ros/phasespace/msg/Rigids.lisp, /home/adrian/go1_nav_ws/devel/share/common-lisp/ros/phasespace/msg/Rigids.lisp)
Linked: (/home/adrian/go1_nav_ws/devel/.private/phasespace/share/common-lisp/ros/phasespace/msg/Markers.lisp, /home/adrian/go1_nav_ws/devel/share/common-lisp/ros/phasespace/msg/Markers.lisp)
Linked: (/home/adrian/go1_nav_ws/devel/.private/phasespace/share/common-lisp/ros/phasespace/msg/Camera.lisp, /home/adrian/go1_nav_ws/devel/share/common-lisp/ros/phasespace/msg/Camera.lisp)
Linked: (/home/adrian/go1_nav_ws/devel/.private/phasespace/share/common-lisp/ros/phasespace/msg/_package.lisp, /home/adrian/go1_nav_ws/devel/share/common-lisp/ros/phasespace/msg/_package.lisp)
Linked: (/home/adrian/go1_nav_ws/devel/.private/phasespace/share/common-lisp/ros/phasespace/msg/_package_Cameras.lisp, /home/adrian/go1_nav_ws/devel/share/common-lisp/ros/phasespace/msg/_package_Cameras.lisp)
Linked: (/home/adrian/go1_nav_ws/devel/.private/phasespace/share/common-lisp/ros/phasespace/msg/_package_Marker.lisp, /home/adrian/go1_nav_ws/devel/share/common-lisp/ros/phasespace/msg/_package_Marker.lisp)
Linked: (/home/adrian/go1_nav_ws/devel/.private/phasespace/share/common-lisp/ros/phasespace/msg/_package_Rigid.lisp, /home/adrian/go1_nav_ws/devel/share/common-lisp/ros/phasespace/msg/_package_Rigid.lisp)
Linked: (/home/adrian/go1_nav_ws/devel/.private/phasespace/share/common-lisp/ros/phasespace/msg/_package_Rigids.lisp, /home/adrian/go1_nav_ws/devel/share/common-lisp/ros/phasespace/msg/_package_Rigids.lisp)
Linked: (/home/adrian/go1_nav_ws/devel/.private/phasespace/share/common-lisp/ros/phasespace/msg/_package_Markers.lisp, /home/adrian/go1_nav_ws/devel/share/common-lisp/ros/phasespace/msg/_package_Markers.lisp)
Linked: (/home/adrian/go1_nav_ws/devel/.private/phasespace/share/common-lisp/ros/phasespace/msg/Rigid.lisp, /home/adrian/go1_nav_ws/devel/share/common-lisp/ros/phasespace/msg/Rigid.lisp)
Linked: (/home/adrian/go1_nav_ws/devel/.private/phasespace/share/common-lisp/ros/phasespace/msg/_package_Camera.lisp, /home/adrian/go1_nav_ws/devel/share/common-lisp/ros/phasespace/msg/_package_Camera.lisp)
Linked: (/home/adrian/go1_nav_ws/devel/.private/phasespace/share/common-lisp/ros/phasespace/msg/Cameras.lisp, /home/adrian/go1_nav_ws/devel/share/common-lisp/ros/phasespace/msg/Cameras.lisp)
Linked: (/home/adrian/go1_nav_ws/devel/.private/phasespace/share/common-lisp/ros/phasespace/msg/phasespace-msg.asd, /home/adrian/go1_nav_ws/devel/share/common-lisp/ros/phasespace/msg/phasespace-msg.asd)
Linked: (/home/adrian/go1_nav_ws/devel/.private/phasespace/share/gennodejs/ros/phasespace/_index.js, /home/adrian/go1_nav_ws/devel/share/gennodejs/ros/phasespace/_index.js)
Linked: (/home/adrian/go1_nav_ws/devel/.private/phasespace/share/gennodejs/ros/phasespace/msg/Marker.js, /home/adrian/go1_nav_ws/devel/share/gennodejs/ros/phasespace/msg/Marker.js)
Linked: (/home/adrian/go1_nav_ws/devel/.private/phasespace/share/gennodejs/ros/phasespace/msg/Rigids.js, /home/adrian/go1_nav_ws/devel/share/gennodejs/ros/phasespace/msg/Rigids.js)
Linked: (/home/adrian/go1_nav_ws/devel/.private/phasespace/share/gennodejs/ros/phasespace/msg/Camera.js, /home/adrian/go1_nav_ws/devel/share/gennodejs/ros/phasespace/msg/Camera.js)
Linked: (/home/adrian/go1_nav_ws/devel/.private/phasespace/share/gennodejs/ros/phasespace/msg/_index.js, /home/adrian/go1_nav_ws/devel/share/gennodejs/ros/phasespace/msg/_index.js)
Linked: (/home/adrian/go1_nav_ws/devel/.private/phasespace/share/gennodejs/ros/phasespace/msg/Rigid.js, /home/adrian/go1_nav_ws/devel/share/gennodejs/ros/phasespace/msg/Rigid.js)
Linked: (/home/adrian/go1_nav_ws/devel/.private/phasespace/share/gennodejs/ros/phasespace/msg/Cameras.js, /home/adrian/go1_nav_ws/devel/share/gennodejs/ros/phasespace/msg/Cameras.js)
Linked: (/home/adrian/go1_nav_ws/devel/.private/phasespace/share/gennodejs/ros/phasespace/msg/Markers.js, /home/adrian/go1_nav_ws/devel/share/gennodejs/ros/phasespace/msg/Markers.js)
Linked: (/home/adrian/go1_nav_ws/devel/.private/phasespace/share/phasespace/cmake/phasespace-msg-extras.cmake, /home/adrian/go1_nav_ws/devel/share/phasespace/cmake/phasespace-msg-extras.cmake)
Linked: (/home/adrian/go1_nav_ws/devel/.private/phasespace/share/phasespace/cmake/phasespace-msg-paths.cmake, /home/adrian/go1_nav_ws/devel/share/phasespace/cmake/phasespace-msg-paths.cmake)
Linked: (/home/adrian/go1_nav_ws/devel/.private/phasespace/share/phasespace/cmake/phasespaceConfig.cmake, /home/adrian/go1_nav_ws/devel/share/phasespace/cmake/phasespaceConfig.cmake)
Linked: (/home/adrian/go1_nav_ws/devel/.private/phasespace/share/phasespace/cmake/phasespaceConfig-version.cmake, /home/adrian/go1_nav_ws/devel/share/phasespace/cmake/phasespaceConfig-version.cmake)
Linked: (/home/adrian/go1_nav_ws/devel/.private/phasespace/share/roseus/ros/phasespace/manifest.l, /home/adrian/go1_nav_ws/devel/share/roseus/ros/phasespace/manifest.l)
Linked: (/home/adrian/go1_nav_ws/devel/.private/phasespace/share/roseus/ros/phasespace/msg/Marker.l, /home/adrian/go1_nav_ws/devel/share/roseus/ros/phasespace/msg/Marker.l)
Linked: (/home/adrian/go1_nav_ws/devel/.private/phasespace/share/roseus/ros/phasespace/msg/Markers.l, /home/adrian/go1_nav_ws/devel/share/roseus/ros/phasespace/msg/Markers.l)
Linked: (/home/adrian/go1_nav_ws/devel/.private/phasespace/share/roseus/ros/phasespace/msg/Camera.l, /home/adrian/go1_nav_ws/devel/share/roseus/ros/phasespace/msg/Camera.l)
Linked: (/home/adrian/go1_nav_ws/devel/.private/phasespace/share/roseus/ros/phasespace/msg/Cameras.l, /home/adrian/go1_nav_ws/devel/share/roseus/ros/phasespace/msg/Cameras.l)
Linked: (/home/adrian/go1_nav_ws/devel/.private/phasespace/share/roseus/ros/phasespace/msg/Rigids.l, /home/adrian/go1_nav_ws/devel/share/roseus/ros/phasespace/msg/Rigids.l)
Linked: (/home/adrian/go1_nav_ws/devel/.private/phasespace/share/roseus/ros/phasespace/msg/Rigid.l, /home/adrian/go1_nav_ws/devel/share/roseus/ros/phasespace/msg/Rigid.l)
Linked: (/home/adrian/go1_nav_ws/devel/.private/phasespace/include/phasespace/Marker.h, /home/adrian/go1_nav_ws/devel/include/phasespace/Marker.h)
Linked: (/home/adrian/go1_nav_ws/devel/.private/phasespace/include/phasespace/Markers.h, /home/adrian/go1_nav_ws/devel/include/phasespace/Markers.h)
Linked: (/home/adrian/go1_nav_ws/devel/.private/phasespace/include/phasespace/Rigid.h, /home/adrian/go1_nav_ws/devel/include/phasespace/Rigid.h)
Linked: (/home/adrian/go1_nav_ws/devel/.private/phasespace/include/phasespace/Cameras.h, /home/adrian/go1_nav_ws/devel/include/phasespace/Cameras.h)
Linked: (/home/adrian/go1_nav_ws/devel/.private/phasespace/include/phasespace/Rigids.h, /home/adrian/go1_nav_ws/devel/include/phasespace/Rigids.h)
Linked: (/home/adrian/go1_nav_ws/devel/.private/phasespace/include/phasespace/Camera.h, /home/adrian/go1_nav_ws/devel/include/phasespace/Camera.h)
