[  0%] Built target std_msgs_generate_messages_eus
[  0%] Built target std_msgs_generate_messages_nodejs
[  0%] Built target std_msgs_generate_messages_py
[  0%] Built target std_msgs_generate_messages_lisp
[  0%] Built target std_msgs_generate_messages_cpp
[  5%] Built target phasespace_node
[  5%] Built target _phasespace_generate_messages_check_deps_Rigids
[  5%] Built target _phasespace_generate_messages_check_deps_Marker
[  5%] Built target _phasespace_generate_messages_check_deps_Camera
[  5%] Built target _phasespace_generate_messages_check_deps_Cameras
[  5%] Built target _phasespace_generate_messages_check_deps_Rigid
[  5%] Built target _phasespace_generate_messages_check_deps_Markers
[ 91%] Built target phasespace_generate_messages_lisp
[ 91%] Built target phasespace_generate_messages_eus
[ 91%] Built target phasespace_generate_messages_nodejs
[ 91%] Built target phasespace_generate_messages_cpp
[ 94%] Built target phasespace_generate_messages_py
[ 94%] Built target phasespace_gencpp
[ 94%] Built target phasespace_generate_messages
[100%] Built target phasespace
